<?xml version="1.0" encoding="UTF-8"?>
<!-- Generated by org.testng.reporters.JUnitReportReporter -->
<testsuite hostname="LAPTOP-JQ18SJTR" failures="0" tests="1" name="HighLevelBases.Frames" time="0.461" errors="0" timestamp="2021-11-16T22:51:04 IST" skipped="0">
  <testcase classname="HighLevelBases.Frames" name="clickable" time="0.461"/>
  <system-out/>
</testsuite> <!-- HighLevelBases.Frames -->
