<?xml version="1.0" encoding="UTF-8"?>
<!-- Generated by org.testng.reporters.JUnitReportReporter -->
<testsuite hostname="LAPTOP-JQ18SJTR" failures="0" tests="1" name="HighLevelBases.FlipkartGeneric" time="15.261" errors="0" timestamp="2021-11-17T18:49:38 IST" skipped="0">
  <testcase classname="HighLevelBases.FlipkartGeneric" name="clickable" time="15.261"/>
  <system-out/>
</testsuite> <!-- HighLevelBases.FlipkartGeneric -->
