<?xml version="1.0" encoding="UTF-8"?>
<!-- Generated by org.testng.reporters.JUnitReportReporter -->
<testsuite hostname="LAPTOP-JQ18SJTR" failures="0" tests="1" name="HighLevelBases.AjaxControl" time="6.201" errors="0" timestamp="2021-11-17T19:08:41 IST" skipped="0">
  <testcase classname="HighLevelBases.AjaxControl" name="clickable" time="6.201"/>
  <system-out/>
</testsuite> <!-- HighLevelBases.AjaxControl -->
