<?xml version="1.0" encoding="UTF-8"?>
<!-- Generated by org.testng.reporters.JUnitReportReporter -->
<testsuite hostname="LAPTOP-JQ18SJTR" failures="0" tests="1" name="classroom.Alerts" time="6.094" errors="0" timestamp="2021-11-22T12:07:06 IST" skipped="0">
  <testcase classname="classroom.Alerts" name="alerts" time="6.094"/>
  <system-out/>
</testsuite> <!-- classroom.Alerts -->
