<?xml version="1.0" encoding="UTF-8"?>
<!-- Generated by org.testng.reporters.JUnitReportReporter -->
<testsuite hostname="LAPTOP-JQ18SJTR" failures="0" tests="1" name="classroom.Boolean_Oneway" time="0.270" errors="0" timestamp="2021-11-13T21:43:10 IST" skipped="0">
  <testcase classname="classroom.Boolean_Oneway" name="options" time="0.270"/>
  <system-out/>
</testsuite> <!-- classroom.Boolean_Oneway -->
