<?xml version="1.0" encoding="UTF-8"?>
<!-- Generated by org.testng.reporters.JUnitReportReporter -->
<testsuite hostname="LAPTOP-JQ18SJTR" failures="0" tests="1" name="classroom.Firstselectedoption" time="3.265" errors="0" timestamp="2021-11-12T10:53:29 IST" skipped="0">
  <testcase classname="classroom.Firstselectedoption" name="options" time="3.265"/>
  <system-out/>
</testsuite> <!-- classroom.Firstselectedoption -->
