<?xml version="1.0" encoding="UTF-8"?>
<!-- Generated by org.testng.reporters.JUnitReportReporter -->
<testsuite hostname="LAPTOP-JQ18SJTR" failures="0" tests="1" name="classroom.Screenshot" time="6.510" errors="0" timestamp="2021-11-11T22:13:24 IST" skipped="0">
  <testcase classname="classroom.Screenshot" name="alertsscreen" time="6.510"/>
  <system-out/>
</testsuite> <!-- classroom.Screenshot -->
