<?xml version="1.0" encoding="UTF-8"?>
<!-- Generated by org.testng.reporters.JUnitReportReporter -->
<testsuite hostname="LAPTOP-JQ18SJTR" failures="0" tests="1" name="classroom.options_validation" time="0.667" errors="0" timestamp="2021-11-13T20:08:39 IST" skipped="0">
  <testcase classname="classroom.options_validation" name="options" time="0.667"/>
  <system-out/>
</testsuite> <!-- classroom.options_validation -->
