<?xml version="1.0" encoding="UTF-8"?>
<!-- Generated by org.testng.reporters.JUnitReportReporter -->
<testsuite hostname="LAPTOP-JQ18SJTR" failures="0" tests="1" name="classroom.Popupwindow" time="13.461" errors="0" timestamp="2021-11-11T12:42:39 IST" skipped="0">
  <testcase classname="classroom.Popupwindow" name="windowpopup" time="13.461"/>
  <system-out/>
</testsuite> <!-- classroom.Popupwindow -->
