<?xml version="1.0" encoding="UTF-8"?>
<!-- Generated by org.testng.reporters.JUnitReportReporter -->
<testsuite hostname="LAPTOP-JQ18SJTR" failures="0" tests="1" name="classroom.Array" time="27.153" errors="0" timestamp="2021-11-17T16:28:01 IST" skipped="0">
  <testcase classname="classroom.Array" name="fun" time="27.153"/>
  <system-out/>
</testsuite> <!-- classroom.Array -->
