<?xml version="1.0" encoding="UTF-8"?>
<!-- Generated by org.testng.reporters.JUnitReportReporter -->
<testsuite hostname="LAPTOP-JQ18SJTR" failures="0" tests="1" name="classroom.MouseOver" time="9.360" errors="0" timestamp="2021-11-10T20:08:15 IST" skipped="0">
  <testcase classname="classroom.MouseOver" name="Mouseover" time="9.360"/>
  <system-out/>
</testsuite> <!-- classroom.MouseOver -->
