<?xml version="1.0" encoding="UTF-8"?>
<!-- Generated by org.testng.reporters.JUnitReportReporter -->
<testsuite hostname="LAPTOP-JQ18SJTR" failures="0" tests="1" name="HighLevelBases.PrintALL_Links" time="3.534" errors="0" timestamp="2021-11-17T15:48:35 IST" skipped="0">
  <testcase classname="HighLevelBases.PrintALL_Links" name="clickable" time="3.534"/>
  <system-out/>
</testsuite> <!-- HighLevelBases.PrintALL_Links -->
