<?xml version="1.0" encoding="UTF-8"?>
<!-- Generated by org.testng.reporters.JUnitReportReporter -->
<testsuite hostname="LAPTOP-JQ18SJTR" failures="0" tests="1" name="HighLevelBases.Assert_Verify" time="0.754" errors="0" timestamp="2021-11-17T15:35:31 IST" skipped="0">
  <testcase classname="HighLevelBases.Assert_Verify" name="fun" time="0.754"/>
  <system-out/>
</testsuite> <!-- HighLevelBases.Assert_Verify -->
